DEBUG - 2025-12-16 11:39:03 --> Session: Class initialized using 'CodeIgniter\Session\Handlers\FileHandler' driver.
DEBUG - 2025-12-16 11:42:23 --> Session: Class initialized using 'CodeIgniter\Session\Handlers\FileHandler' driver.
DEBUG - 2025-12-16 11:42:29 --> Session: Class initialized using 'CodeIgniter\Session\Handlers\FileHandler' driver.
DEBUG - 2025-12-16 11:42:58 --> Session: Class initialized using 'CodeIgniter\Session\Handlers\FileHandler' driver.
DEBUG - 2025-12-16 11:54:24 --> Session: Class initialized using 'CodeIgniter\Session\Handlers\FileHandler' driver.
DEBUG - 2025-12-16 11:54:37 --> Session: Class initialized using 'CodeIgniter\Session\Handlers\FileHandler' driver.
DEBUG - 2025-12-16 11:56:17 --> Session: Class initialized using 'CodeIgniter\Session\Handlers\FileHandler' driver.
DEBUG - 2025-12-16 11:57:27 --> Session: Class initialized using 'CodeIgniter\Session\Handlers\FileHandler' driver.
DEBUG - 2025-12-16 11:58:39 --> Session: Class initialized using 'CodeIgniter\Session\Handlers\FileHandler' driver.
DEBUG - 2025-12-16 11:59:52 --> Session: Class initialized using 'CodeIgniter\Session\Handlers\FileHandler' driver.
DEBUG - 2025-12-16 12:03:43 --> Session: Class initialized using 'CodeIgniter\Session\Handlers\FileHandler' driver.
DEBUG - 2025-12-16 12:04:02 --> Session: Class initialized using 'CodeIgniter\Session\Handlers\FileHandler' driver.
DEBUG - 2025-12-16 12:13:32 --> Session: Class initialized using 'CodeIgniter\Session\Handlers\FileHandler' driver.
DEBUG - 2025-12-16 12:13:33 --> Session: Class initialized using 'CodeIgniter\Session\Handlers\FileHandler' driver.
DEBUG - 2025-12-16 12:13:40 --> Session: Class initialized using 'CodeIgniter\Session\Handlers\FileHandler' driver.
CRITICAL - 2025-12-16 12:13:40 --> ErrorException: Undefined array key "role"
[Method: POST, Route: login/action]
in APPPATH\Controllers\Login.php on line 31.
 1 APPPATH\Controllers\Login.php(31): CodeIgniter\Debug\Exceptions->errorHandler(2, 'Undefined array key "role"', 'C:\\xampp\\htdocs\\login\\app\\Controllers\\Login.php', 31)
 2 SYSTEMPATH\CodeIgniter.php(933): App\Controllers\Login->action()
 3 SYSTEMPATH\CodeIgniter.php(507): CodeIgniter\CodeIgniter->runController(Object(App\Controllers\Login))
 4 SYSTEMPATH\CodeIgniter.php(354): CodeIgniter\CodeIgniter->handleRequest(null, Object(Config\Cache), false)
 5 SYSTEMPATH\Boot.php(334): CodeIgniter\CodeIgniter->run()
 6 SYSTEMPATH\Boot.php(67): CodeIgniter\Boot::runCodeIgniter(Object(CodeIgniter\CodeIgniter))
 7 FCPATH\index.php(59): CodeIgniter\Boot::bootWeb(Object(Config\Paths))
 8 SYSTEMPATH\rewrite.php(44): require_once('C:\\xampp\\htdocs\\login\\public\\index.php')
DEBUG - 2025-12-16 12:18:10 --> Session: Class initialized using 'CodeIgniter\Session\Handlers\FileHandler' driver.
DEBUG - 2025-12-16 12:18:18 --> Session: Class initialized using 'CodeIgniter\Session\Handlers\FileHandler' driver.
DEBUG - 2025-12-16 12:18:21 --> Session: Class initialized using 'CodeIgniter\Session\Handlers\FileHandler' driver.
DEBUG - 2025-12-16 12:22:07 --> Session: Class initialized using 'CodeIgniter\Session\Handlers\FileHandler' driver.
DEBUG - 2025-12-16 12:23:46 --> Session: Class initialized using 'CodeIgniter\Session\Handlers\FileHandler' driver.
CRITICAL - 2025-12-16 12:23:46 --> ErrorException: Undefined array key "role"
[Method: GET, Route: useradmin]
in APPPATH\Views\adminakses\index.php on line 117.
 1 APPPATH\Views\adminakses\index.php(117): CodeIgniter\Debug\Exceptions->errorHandler(2, 'Undefined array key "role"', 'C:\\xampp\\htdocs\\login\\app\\Views\\adminakses\\index.php', 117)
 2 SYSTEMPATH\View\View.php(224): include('C:\\xampp\\htdocs\\login\\app\\Views\\adminakses\\index.php')
 3 SYSTEMPATH\View\View.php(227): CodeIgniter\View\View->CodeIgniter\View\{closure}()
 4 SYSTEMPATH\Common.php(1173): CodeIgniter\View\View->render('adminakses/index', [], true)
 5 APPPATH\Controllers\UserAdmin.php(23): view('adminakses/index', [...])
 6 SYSTEMPATH\CodeIgniter.php(933): App\Controllers\UserAdmin->index()
 7 SYSTEMPATH\CodeIgniter.php(507): CodeIgniter\CodeIgniter->runController(Object(App\Controllers\UserAdmin))
 8 SYSTEMPATH\CodeIgniter.php(354): CodeIgniter\CodeIgniter->handleRequest(null, Object(Config\Cache), false)
 9 SYSTEMPATH\Boot.php(334): CodeIgniter\CodeIgniter->run()
10 SYSTEMPATH\Boot.php(67): CodeIgniter\Boot::runCodeIgniter(Object(CodeIgniter\CodeIgniter))
11 FCPATH\index.php(59): CodeIgniter\Boot::bootWeb(Object(Config\Paths))
12 SYSTEMPATH\rewrite.php(44): require_once('C:\\xampp\\htdocs\\login\\public\\index.php')
DEBUG - 2025-12-16 12:26:31 --> Session: Class initialized using 'CodeIgniter\Session\Handlers\FileHandler' driver.
DEBUG - 2025-12-16 12:26:37 --> Session: Class initialized using 'CodeIgniter\Session\Handlers\FileHandler' driver.
DEBUG - 2025-12-16 12:31:39 --> Session: Class initialized using 'CodeIgniter\Session\Handlers\FileHandler' driver.
DEBUG - 2025-12-16 12:35:30 --> Session: Class initialized using 'CodeIgniter\Session\Handlers\FileHandler' driver.
DEBUG - 2025-12-16 12:36:05 --> Session: Class initialized using 'CodeIgniter\Session\Handlers\FileHandler' driver.
DEBUG - 2025-12-16 12:36:06 --> Session: Class initialized using 'CodeIgniter\Session\Handlers\FileHandler' driver.
DEBUG - 2025-12-16 12:36:19 --> Session: Class initialized using 'CodeIgniter\Session\Handlers\FileHandler' driver.
DEBUG - 2025-12-16 12:36:20 --> Session: Class initialized using 'CodeIgniter\Session\Handlers\FileHandler' driver.
DEBUG - 2025-12-16 12:36:31 --> Session: Class initialized using 'CodeIgniter\Session\Handlers\FileHandler' driver.
DEBUG - 2025-12-16 12:36:32 --> Session: Class initialized using 'CodeIgniter\Session\Handlers\FileHandler' driver.
DEBUG - 2025-12-16 12:36:45 --> Session: Class initialized using 'CodeIgniter\Session\Handlers\FileHandler' driver.
DEBUG - 2025-12-16 12:36:46 --> Session: Class initialized using 'CodeIgniter\Session\Handlers\FileHandler' driver.
DEBUG - 2025-12-16 12:36:53 --> Session: Class initialized using 'CodeIgniter\Session\Handlers\FileHandler' driver.
DEBUG - 2025-12-16 12:37:05 --> Session: Class initialized using 'CodeIgniter\Session\Handlers\FileHandler' driver.
DEBUG - 2025-12-16 12:37:06 --> Session: Class initialized using 'CodeIgniter\Session\Handlers\FileHandler' driver.
DEBUG - 2025-12-16 12:37:13 --> Session: Class initialized using 'CodeIgniter\Session\Handlers\FileHandler' driver.
CRITICAL - 2025-12-16 12:37:13 --> ErrorException: Undefined array key "role"
[Method: GET, Route: useradmin/edit/16]
in APPPATH\Views\adminakses\edit.php on line 43.
 1 APPPATH\Views\adminakses\edit.php(43): CodeIgniter\Debug\Exceptions->errorHandler(2, 'Undefined array key "role"', 'C:\\xampp\\htdocs\\login\\app\\Views\\adminakses\\edit.php', 43)
 2 SYSTEMPATH\View\View.php(224): include('C:\\xampp\\htdocs\\login\\app\\Views\\adminakses\\edit.php')
 3 SYSTEMPATH\View\View.php(227): CodeIgniter\View\View->CodeIgniter\View\{closure}()
 4 SYSTEMPATH\Common.php(1173): CodeIgniter\View\View->render('adminakses/edit', [], true)
 5 APPPATH\Controllers\UserAdmin.php(57): view('adminakses/edit', [...])
 6 SYSTEMPATH\CodeIgniter.php(933): App\Controllers\UserAdmin->edit('16')
 7 SYSTEMPATH\CodeIgniter.php(507): CodeIgniter\CodeIgniter->runController(Object(App\Controllers\UserAdmin))
 8 SYSTEMPATH\CodeIgniter.php(354): CodeIgniter\CodeIgniter->handleRequest(null, Object(Config\Cache), false)
 9 SYSTEMPATH\Boot.php(334): CodeIgniter\CodeIgniter->run()
10 SYSTEMPATH\Boot.php(67): CodeIgniter\Boot::runCodeIgniter(Object(CodeIgniter\CodeIgniter))
11 FCPATH\index.php(59): CodeIgniter\Boot::bootWeb(Object(Config\Paths))
12 SYSTEMPATH\rewrite.php(44): require_once('C:\\xampp\\htdocs\\login\\public\\index.php')
DEBUG - 2025-12-16 12:37:22 --> Session: Class initialized using 'CodeIgniter\Session\Handlers\FileHandler' driver.
CRITICAL - 2025-12-16 12:37:22 --> ErrorException: Undefined array key "role"
[Method: GET, Route: useradmin/edit/4]
in APPPATH\Views\adminakses\edit.php on line 43.
 1 APPPATH\Views\adminakses\edit.php(43): CodeIgniter\Debug\Exceptions->errorHandler(2, 'Undefined array key "role"', 'C:\\xampp\\htdocs\\login\\app\\Views\\adminakses\\edit.php', 43)
 2 SYSTEMPATH\View\View.php(224): include('C:\\xampp\\htdocs\\login\\app\\Views\\adminakses\\edit.php')
 3 SYSTEMPATH\View\View.php(227): CodeIgniter\View\View->CodeIgniter\View\{closure}()
 4 SYSTEMPATH\Common.php(1173): CodeIgniter\View\View->render('adminakses/edit', [], true)
 5 APPPATH\Controllers\UserAdmin.php(57): view('adminakses/edit', [...])
 6 SYSTEMPATH\CodeIgniter.php(933): App\Controllers\UserAdmin->edit('4')
 7 SYSTEMPATH\CodeIgniter.php(507): CodeIgniter\CodeIgniter->runController(Object(App\Controllers\UserAdmin))
 8 SYSTEMPATH\CodeIgniter.php(354): CodeIgniter\CodeIgniter->handleRequest(null, Object(Config\Cache), false)
 9 SYSTEMPATH\Boot.php(334): CodeIgniter\CodeIgniter->run()
10 SYSTEMPATH\Boot.php(67): CodeIgniter\Boot::runCodeIgniter(Object(CodeIgniter\CodeIgniter))
11 FCPATH\index.php(59): CodeIgniter\Boot::bootWeb(Object(Config\Paths))
12 SYSTEMPATH\rewrite.php(44): require_once('C:\\xampp\\htdocs\\login\\public\\index.php')
DEBUG - 2025-12-16 12:39:46 --> Session: Class initialized using 'CodeIgniter\Session\Handlers\FileHandler' driver.
DEBUG - 2025-12-16 12:40:23 --> Session: Class initialized using 'CodeIgniter\Session\Handlers\FileHandler' driver.
DEBUG - 2025-12-16 12:40:31 --> Session: Class initialized using 'CodeIgniter\Session\Handlers\FileHandler' driver.
DEBUG - 2025-12-16 12:40:32 --> Session: Class initialized using 'CodeIgniter\Session\Handlers\FileHandler' driver.
DEBUG - 2025-12-16 12:40:35 --> Session: Class initialized using 'CodeIgniter\Session\Handlers\FileHandler' driver.
DEBUG - 2025-12-16 12:41:00 --> Session: Class initialized using 'CodeIgniter\Session\Handlers\FileHandler' driver.
DEBUG - 2025-12-16 12:41:01 --> Session: Class initialized using 'CodeIgniter\Session\Handlers\FileHandler' driver.
DEBUG - 2025-12-16 12:41:06 --> Session: Class initialized using 'CodeIgniter\Session\Handlers\FileHandler' driver.
DEBUG - 2025-12-16 12:41:06 --> Session: Class initialized using 'CodeIgniter\Session\Handlers\FileHandler' driver.
DEBUG - 2025-12-16 12:41:21 --> Session: Class initialized using 'CodeIgniter\Session\Handlers\FileHandler' driver.
DEBUG - 2025-12-16 12:41:22 --> Session: Class initialized using 'CodeIgniter\Session\Handlers\FileHandler' driver.
DEBUG - 2025-12-16 12:41:53 --> Session: Class initialized using 'CodeIgniter\Session\Handlers\FileHandler' driver.
DEBUG - 2025-12-16 12:42:13 --> Session: Class initialized using 'CodeIgniter\Session\Handlers\FileHandler' driver.
DEBUG - 2025-12-16 12:42:22 --> Session: Class initialized using 'CodeIgniter\Session\Handlers\FileHandler' driver.
DEBUG - 2025-12-16 12:42:46 --> Session: Class initialized using 'CodeIgniter\Session\Handlers\FileHandler' driver.
DEBUG - 2025-12-16 12:51:14 --> Session: Class initialized using 'CodeIgniter\Session\Handlers\FileHandler' driver.
DEBUG - 2025-12-16 12:51:15 --> Session: Class initialized using 'CodeIgniter\Session\Handlers\FileHandler' driver.
DEBUG - 2025-12-16 12:54:54 --> Session: Class initialized using 'CodeIgniter\Session\Handlers\FileHandler' driver.
DEBUG - 2025-12-16 12:58:14 --> Session: Class initialized using 'CodeIgniter\Session\Handlers\FileHandler' driver.
DEBUG - 2025-12-16 12:58:41 --> Session: Class initialized using 'CodeIgniter\Session\Handlers\FileHandler' driver.
DEBUG - 2025-12-16 12:58:42 --> Session: Class initialized using 'CodeIgniter\Session\Handlers\FileHandler' driver.
DEBUG - 2025-12-16 13:00:08 --> Session: Class initialized using 'CodeIgniter\Session\Handlers\FileHandler' driver.
DEBUG - 2025-12-16 13:00:13 --> Session: Class initialized using 'CodeIgniter\Session\Handlers\FileHandler' driver.
DEBUG - 2025-12-16 13:00:35 --> Session: Class initialized using 'CodeIgniter\Session\Handlers\FileHandler' driver.
DEBUG - 2025-12-16 13:00:40 --> Session: Class initialized using 'CodeIgniter\Session\Handlers\FileHandler' driver.
DEBUG - 2025-12-16 13:04:58 --> Session: Class initialized using 'CodeIgniter\Session\Handlers\FileHandler' driver.
DEBUG - 2025-12-16 13:05:02 --> Session: Class initialized using 'CodeIgniter\Session\Handlers\FileHandler' driver.
DEBUG - 2025-12-16 13:05:07 --> Session: Class initialized using 'CodeIgniter\Session\Handlers\FileHandler' driver.
DEBUG - 2025-12-16 13:08:57 --> Session: Class initialized using 'CodeIgniter\Session\Handlers\FileHandler' driver.
DEBUG - 2025-12-16 13:09:00 --> Session: Class initialized using 'CodeIgniter\Session\Handlers\FileHandler' driver.
DEBUG - 2025-12-16 13:09:06 --> Session: Class initialized using 'CodeIgniter\Session\Handlers\FileHandler' driver.
DEBUG - 2025-12-16 13:10:54 --> Session: Class initialized using 'CodeIgniter\Session\Handlers\FileHandler' driver.
DEBUG - 2025-12-16 13:10:58 --> Session: Class initialized using 'CodeIgniter\Session\Handlers\FileHandler' driver.
DEBUG - 2025-12-16 13:18:21 --> Session: Class initialized using 'CodeIgniter\Session\Handlers\FileHandler' driver.
DEBUG - 2025-12-16 13:18:38 --> Session: Class initialized using 'CodeIgniter\Session\Handlers\FileHandler' driver.
DEBUG - 2025-12-16 13:27:41 --> Session: Class initialized using 'CodeIgniter\Session\Handlers\FileHandler' driver.
DEBUG - 2025-12-16 13:28:16 --> Session: Class initialized using 'CodeIgniter\Session\Handlers\FileHandler' driver.
DEBUG - 2025-12-16 13:28:16 --> Session: Class initialized using 'CodeIgniter\Session\Handlers\FileHandler' driver.
DEBUG - 2025-12-16 13:35:16 --> Session: Class initialized using 'CodeIgniter\Session\Handlers\FileHandler' driver.
DEBUG - 2025-12-16 13:35:22 --> Session: Class initialized using 'CodeIgniter\Session\Handlers\FileHandler' driver.
DEBUG - 2025-12-16 13:35:27 --> Session: Class initialized using 'CodeIgniter\Session\Handlers\FileHandler' driver.
DEBUG - 2025-12-16 13:40:44 --> Session: Class initialized using 'CodeIgniter\Session\Handlers\FileHandler' driver.
DEBUG - 2025-12-16 13:42:29 --> Session: Class initialized using 'CodeIgniter\Session\Handlers\FileHandler' driver.
DEBUG - 2025-12-16 13:51:09 --> Session: Class initialized using 'CodeIgniter\Session\Handlers\FileHandler' driver.
DEBUG - 2025-12-16 13:51:25 --> Session: Class initialized using 'CodeIgniter\Session\Handlers\FileHandler' driver.
DEBUG - 2025-12-16 13:51:31 --> Session: Class initialized using 'CodeIgniter\Session\Handlers\FileHandler' driver.
DEBUG - 2025-12-16 13:52:18 --> Session: Class initialized using 'CodeIgniter\Session\Handlers\FileHandler' driver.
DEBUG - 2025-12-16 13:52:27 --> Session: Class initialized using 'CodeIgniter\Session\Handlers\FileHandler' driver.
DEBUG - 2025-12-16 13:57:07 --> Session: Class initialized using 'CodeIgniter\Session\Handlers\FileHandler' driver.
DEBUG - 2025-12-16 13:57:32 --> Session: Class initialized using 'CodeIgniter\Session\Handlers\FileHandler' driver.
DEBUG - 2025-12-16 13:57:32 --> Session: Class initialized using 'CodeIgniter\Session\Handlers\FileHandler' driver.
DEBUG - 2025-12-16 13:57:39 --> Session: Class initialized using 'CodeIgniter\Session\Handlers\FileHandler' driver.
DEBUG - 2025-12-16 13:57:39 --> Session: Class initialized using 'CodeIgniter\Session\Handlers\FileHandler' driver.
DEBUG - 2025-12-16 13:57:53 --> Session: Class initialized using 'CodeIgniter\Session\Handlers\FileHandler' driver.
DEBUG - 2025-12-16 14:23:44 --> Session: Class initialized using 'CodeIgniter\Session\Handlers\FileHandler' driver.
DEBUG - 2025-12-16 14:24:05 --> Session: Class initialized using 'CodeIgniter\Session\Handlers\FileHandler' driver.
DEBUG - 2025-12-16 14:24:29 --> Session: Class initialized using 'CodeIgniter\Session\Handlers\FileHandler' driver.
DEBUG - 2025-12-16 14:25:19 --> Session: Class initialized using 'CodeIgniter\Session\Handlers\FileHandler' driver.
DEBUG - 2025-12-16 14:25:50 --> Session: Class initialized using 'CodeIgniter\Session\Handlers\FileHandler' driver.
DEBUG - 2025-12-16 14:25:50 --> Session: Class initialized using 'CodeIgniter\Session\Handlers\FileHandler' driver.
DEBUG - 2025-12-16 14:26:01 --> Session: Class initialized using 'CodeIgniter\Session\Handlers\FileHandler' driver.
DEBUG - 2025-12-16 14:33:02 --> Session: Class initialized using 'CodeIgniter\Session\Handlers\FileHandler' driver.
DEBUG - 2025-12-16 14:33:11 --> Session: Class initialized using 'CodeIgniter\Session\Handlers\FileHandler' driver.
DEBUG - 2025-12-16 14:33:11 --> Session: Class initialized using 'CodeIgniter\Session\Handlers\FileHandler' driver.
DEBUG - 2025-12-16 14:33:17 --> Session: Class initialized using 'CodeIgniter\Session\Handlers\FileHandler' driver.
DEBUG - 2025-12-16 14:33:23 --> Session: Class initialized using 'CodeIgniter\Session\Handlers\FileHandler' driver.
DEBUG - 2025-12-16 14:33:24 --> Session: Class initialized using 'CodeIgniter\Session\Handlers\FileHandler' driver.
DEBUG - 2025-12-16 14:40:45 --> Session: Class initialized using 'CodeIgniter\Session\Handlers\FileHandler' driver.
DEBUG - 2025-12-16 14:41:07 --> Session: Class initialized using 'CodeIgniter\Session\Handlers\FileHandler' driver.
DEBUG - 2025-12-16 14:41:12 --> Session: Class initialized using 'CodeIgniter\Session\Handlers\FileHandler' driver.
DEBUG - 2025-12-16 14:41:26 --> Session: Class initialized using 'CodeIgniter\Session\Handlers\FileHandler' driver.
DEBUG - 2025-12-16 14:41:31 --> Session: Class initialized using 'CodeIgniter\Session\Handlers\FileHandler' driver.
DEBUG - 2025-12-16 14:41:32 --> Session: Class initialized using 'CodeIgniter\Session\Handlers\FileHandler' driver.
DEBUG - 2025-12-16 14:41:37 --> Session: Class initialized using 'CodeIgniter\Session\Handlers\FileHandler' driver.
DEBUG - 2025-12-16 14:42:08 --> Session: Class initialized using 'CodeIgniter\Session\Handlers\FileHandler' driver.
DEBUG - 2025-12-16 14:42:08 --> Session: Class initialized using 'CodeIgniter\Session\Handlers\FileHandler' driver.
DEBUG - 2025-12-16 14:48:13 --> Session: Class initialized using 'CodeIgniter\Session\Handlers\FileHandler' driver.
DEBUG - 2025-12-16 14:48:18 --> Session: Class initialized using 'CodeIgniter\Session\Handlers\FileHandler' driver.
DEBUG - 2025-12-16 14:48:24 --> Session: Class initialized using 'CodeIgniter\Session\Handlers\FileHandler' driver.
DEBUG - 2025-12-16 14:48:24 --> Session: Class initialized using 'CodeIgniter\Session\Handlers\FileHandler' driver.
DEBUG - 2025-12-16 14:48:37 --> Session: Class initialized using 'CodeIgniter\Session\Handlers\FileHandler' driver.
DEBUG - 2025-12-16 14:48:39 --> Session: Class initialized using 'CodeIgniter\Session\Handlers\FileHandler' driver.
DEBUG - 2025-12-16 14:48:52 --> Session: Class initialized using 'CodeIgniter\Session\Handlers\FileHandler' driver.
DEBUG - 2025-12-16 14:48:57 --> Session: Class initialized using 'CodeIgniter\Session\Handlers\FileHandler' driver.
DEBUG - 2025-12-16 14:49:04 --> Session: Class initialized using 'CodeIgniter\Session\Handlers\FileHandler' driver.
DEBUG - 2025-12-16 14:49:05 --> Session: Class initialized using 'CodeIgniter\Session\Handlers\FileHandler' driver.
DEBUG - 2025-12-16 14:49:09 --> Session: Class initialized using 'CodeIgniter\Session\Handlers\FileHandler' driver.
DEBUG - 2025-12-16 14:49:12 --> Session: Class initialized using 'CodeIgniter\Session\Handlers\FileHandler' driver.
DEBUG - 2025-12-16 14:49:16 --> Session: Class initialized using 'CodeIgniter\Session\Handlers\FileHandler' driver.
ERROR - 2025-12-16 14:56:46 --> mysqli_sql_exception: Unknown column 'tb_pesanan.id_kurir' in 'on clause' in C:\xampp\htdocs\login\system\Database\MySQLi\Connection.php:327
Stack trace:
#0 C:\xampp\htdocs\login\system\Database\MySQLi\Connection.php(327): mysqli->query('SELECT `tb_pesa...', 0)
#1 C:\xampp\htdocs\login\system\Database\BaseConnection.php(738): CodeIgniter\Database\MySQLi\Connection->execute('SELECT `tb_pesa...')
#2 C:\xampp\htdocs\login\system\Database\BaseConnection.php(652): CodeIgniter\Database\BaseConnection->simpleQuery('SELECT `tb_pesa...')
#3 C:\xampp\htdocs\login\system\Database\BaseBuilder.php(1649): CodeIgniter\Database\BaseConnection->query('SELECT `tb_pesa...', Array, false)
#4 C:\xampp\htdocs\login\system\Model.php(286): CodeIgniter\Database\BaseBuilder->get()
#5 C:\xampp\htdocs\login\system\BaseModel.php(679): CodeIgniter\Model->doFindAll(0, 0)
#6 C:\xampp\htdocs\login\app\Models\PesananModel.php(46): CodeIgniter\BaseModel->findAll()
#7 C:\xampp\htdocs\login\app\Controllers\PesananController.php(14): App\Models\PesananModel->getPesanan()
#8 C:\xampp\htdocs\login\system\CodeIgniter.php(933): App\Controllers\PesananController->index()
#9 C:\xampp\htdocs\login\system\CodeIgniter.php(507): CodeIgniter\CodeIgniter->runController(Object(App\Controllers\PesananController))
#10 C:\xampp\htdocs\login\system\CodeIgniter.php(354): CodeIgniter\CodeIgniter->handleRequest(NULL, Object(Config\Cache), false)
#11 C:\xampp\htdocs\login\system\Boot.php(334): CodeIgniter\CodeIgniter->run()
#12 C:\xampp\htdocs\login\system\Boot.php(67): CodeIgniter\Boot::runCodeIgniter(Object(CodeIgniter\CodeIgniter))
#13 C:\xampp\htdocs\login\public\index.php(59): CodeIgniter\Boot::bootWeb(Object(Config\Paths))
#14 C:\xampp\htdocs\login\system\rewrite.php(44): require_once('C:\\xampp\\htdocs...')
#15 {main}
CRITICAL - 2025-12-16 14:56:46 --> CodeIgniter\Database\Exceptions\DatabaseException: Unknown column 'tb_pesanan.id_kurir' in 'on clause'
[Method: GET, Route: pesanancontroller/index]
in SYSTEMPATH\Database\BaseConnection.php on line 692.
 1 SYSTEMPATH\Database\BaseBuilder.php(1649): CodeIgniter\Database\BaseConnection->query('SELECT `tb_pesanan`.*, `tb_pelanggan`.`nama_pelanggan`, `tb_jenis`.`jenis_laundry`, `tb_jenis`.`tarif`, `kurir`.`name` AS `nama_kurir`, `admin`.`name` AS `nama_admin`, `washer`.`name` AS `nama_washer`
FROM `tb_pesanan`
JOIN `tb_pelanggan` ON `tb_pelanggan`.`id_pelanggan` = `tb_pesanan`.`id_pelanggan`
JOIN `tb_jenis` ON `tb_jenis`.`kd_jenis` = `tb_pesanan`.`kd_jenis`
LEFT JOIN `laundryku` AS `kurir` ON `kurir`.`id` = `tb_pesanan`.`id_kurir`
LEFT JOIN `laundryku` AS `admin` ON `admin`.`id` = `tb_pesanan`.`id_admin`
LEFT JOIN `laundryku` AS `washer` ON `washer`.`id` = `tb_pesanan`.`id_washer`
ORDER BY `id_pesanan` DESC', [], false)
 2 SYSTEMPATH\Model.php(286): CodeIgniter\Database\BaseBuilder->get()
 3 SYSTEMPATH\BaseModel.php(679): CodeIgniter\Model->doFindAll(0, 0)
 4 APPPATH\Models\PesananModel.php(46): CodeIgniter\BaseModel->findAll()
 5 APPPATH\Controllers\PesananController.php(14): App\Models\PesananModel->getPesanan()
 6 SYSTEMPATH\CodeIgniter.php(933): App\Controllers\PesananController->index()
 7 SYSTEMPATH\CodeIgniter.php(507): CodeIgniter\CodeIgniter->runController(Object(App\Controllers\PesananController))
 8 SYSTEMPATH\CodeIgniter.php(354): CodeIgniter\CodeIgniter->handleRequest(null, Object(Config\Cache), false)
 9 SYSTEMPATH\Boot.php(334): CodeIgniter\CodeIgniter->run()
10 SYSTEMPATH\Boot.php(67): CodeIgniter\Boot::runCodeIgniter(Object(CodeIgniter\CodeIgniter))
11 FCPATH\index.php(59): CodeIgniter\Boot::bootWeb(Object(Config\Paths))
12 SYSTEMPATH\rewrite.php(44): require_once('C:\\xampp\\htdocs\\login\\public\\index.php')
CRITICAL - 2025-12-16 14:56:46 --> [Caused by] CodeIgniter\Database\Exceptions\DatabaseException: Unknown column 'tb_pesanan.id_kurir' in 'on clause'
in SYSTEMPATH\Database\MySQLi\Connection.php on line 332.
 1 SYSTEMPATH\Database\BaseConnection.php(738): CodeIgniter\Database\MySQLi\Connection->execute('SELECT `tb_pesanan`.*, `tb_pelanggan`.`nama_pelanggan`, `tb_jenis`.`jenis_laundry`, `tb_jenis`.`tarif`, `kurir`.`name` AS `nama_kurir`, `admin`.`name` AS `nama_admin`, `washer`.`name` AS `nama_washer`
FROM `tb_pesanan`
JOIN `tb_pelanggan` ON `tb_pelanggan`.`id_pelanggan` = `tb_pesanan`.`id_pelanggan`
JOIN `tb_jenis` ON `tb_jenis`.`kd_jenis` = `tb_pesanan`.`kd_jenis`
LEFT JOIN `laundryku` AS `kurir` ON `kurir`.`id` = `tb_pesanan`.`id_kurir`
LEFT JOIN `laundryku` AS `admin` ON `admin`.`id` = `tb_pesanan`.`id_admin`
LEFT JOIN `laundryku` AS `washer` ON `washer`.`id` = `tb_pesanan`.`id_washer`
ORDER BY `id_pesanan` DESC')
 2 SYSTEMPATH\Database\BaseConnection.php(652): CodeIgniter\Database\BaseConnection->simpleQuery('SELECT `tb_pesanan`.*, `tb_pelanggan`.`nama_pelanggan`, `tb_jenis`.`jenis_laundry`, `tb_jenis`.`tarif`, `kurir`.`name` AS `nama_kurir`, `admin`.`name` AS `nama_admin`, `washer`.`name` AS `nama_washer`
FROM `tb_pesanan`
JOIN `tb_pelanggan` ON `tb_pelanggan`.`id_pelanggan` = `tb_pesanan`.`id_pelanggan`
JOIN `tb_jenis` ON `tb_jenis`.`kd_jenis` = `tb_pesanan`.`kd_jenis`
LEFT JOIN `laundryku` AS `kurir` ON `kurir`.`id` = `tb_pesanan`.`id_kurir`
LEFT JOIN `laundryku` AS `admin` ON `admin`.`id` = `tb_pesanan`.`id_admin`
LEFT JOIN `laundryku` AS `washer` ON `washer`.`id` = `tb_pesanan`.`id_washer`
ORDER BY `id_pesanan` DESC')
 3 SYSTEMPATH\Database\BaseBuilder.php(1649): CodeIgniter\Database\BaseConnection->query('SELECT `tb_pesanan`.*, `tb_pelanggan`.`nama_pelanggan`, `tb_jenis`.`jenis_laundry`, `tb_jenis`.`tarif`, `kurir`.`name` AS `nama_kurir`, `admin`.`name` AS `nama_admin`, `washer`.`name` AS `nama_washer`
FROM `tb_pesanan`
JOIN `tb_pelanggan` ON `tb_pelanggan`.`id_pelanggan` = `tb_pesanan`.`id_pelanggan`
JOIN `tb_jenis` ON `tb_jenis`.`kd_jenis` = `tb_pesanan`.`kd_jenis`
LEFT JOIN `laundryku` AS `kurir` ON `kurir`.`id` = `tb_pesanan`.`id_kurir`
LEFT JOIN `laundryku` AS `admin` ON `admin`.`id` = `tb_pesanan`.`id_admin`
LEFT JOIN `laundryku` AS `washer` ON `washer`.`id` = `tb_pesanan`.`id_washer`
ORDER BY `id_pesanan` DESC', [], false)
 4 SYSTEMPATH\Model.php(286): CodeIgniter\Database\BaseBuilder->get()
 5 SYSTEMPATH\BaseModel.php(679): CodeIgniter\Model->doFindAll(0, 0)
 6 APPPATH\Models\PesananModel.php(46): CodeIgniter\BaseModel->findAll()
 7 APPPATH\Controllers\PesananController.php(14): App\Models\PesananModel->getPesanan()
 8 SYSTEMPATH\CodeIgniter.php(933): App\Controllers\PesananController->index()
 9 SYSTEMPATH\CodeIgniter.php(507): CodeIgniter\CodeIgniter->runController(Object(App\Controllers\PesananController))
10 SYSTEMPATH\CodeIgniter.php(354): CodeIgniter\CodeIgniter->handleRequest(null, Object(Config\Cache), false)
11 SYSTEMPATH\Boot.php(334): CodeIgniter\CodeIgniter->run()
12 SYSTEMPATH\Boot.php(67): CodeIgniter\Boot::runCodeIgniter(Object(CodeIgniter\CodeIgniter))
13 FCPATH\index.php(59): CodeIgniter\Boot::bootWeb(Object(Config\Paths))
14 SYSTEMPATH\rewrite.php(44): require_once('C:\\xampp\\htdocs\\login\\public\\index.php')
CRITICAL - 2025-12-16 14:56:46 --> [Caused by] mysqli_sql_exception: Unknown column 'tb_pesanan.id_kurir' in 'on clause'
in SYSTEMPATH\Database\MySQLi\Connection.php on line 327.
 1 SYSTEMPATH\Database\MySQLi\Connection.php(327): mysqli->query('SELECT `tb_pesanan`.*, `tb_pelanggan`.`nama_pelanggan`, `tb_jenis`.`jenis_laundry`, `tb_jenis`.`tarif`, `kurir`.`name` AS `nama_kurir`, `admin`.`name` AS `nama_admin`, `washer`.`name` AS `nama_washer`
FROM `tb_pesanan`
JOIN `tb_pelanggan` ON `tb_pelanggan`.`id_pelanggan` = `tb_pesanan`.`id_pelanggan`
JOIN `tb_jenis` ON `tb_jenis`.`kd_jenis` = `tb_pesanan`.`kd_jenis`
LEFT JOIN `laundryku` AS `kurir` ON `kurir`.`id` = `tb_pesanan`.`id_kurir`
LEFT JOIN `laundryku` AS `admin` ON `admin`.`id` = `tb_pesanan`.`id_admin`
LEFT JOIN `laundryku` AS `washer` ON `washer`.`id` = `tb_pesanan`.`id_washer`
ORDER BY `id_pesanan` DESC', 0)
 2 SYSTEMPATH\Database\BaseConnection.php(738): CodeIgniter\Database\MySQLi\Connection->execute('SELECT `tb_pesanan`.*, `tb_pelanggan`.`nama_pelanggan`, `tb_jenis`.`jenis_laundry`, `tb_jenis`.`tarif`, `kurir`.`name` AS `nama_kurir`, `admin`.`name` AS `nama_admin`, `washer`.`name` AS `nama_washer`
FROM `tb_pesanan`
JOIN `tb_pelanggan` ON `tb_pelanggan`.`id_pelanggan` = `tb_pesanan`.`id_pelanggan`
JOIN `tb_jenis` ON `tb_jenis`.`kd_jenis` = `tb_pesanan`.`kd_jenis`
LEFT JOIN `laundryku` AS `kurir` ON `kurir`.`id` = `tb_pesanan`.`id_kurir`
LEFT JOIN `laundryku` AS `admin` ON `admin`.`id` = `tb_pesanan`.`id_admin`
LEFT JOIN `laundryku` AS `washer` ON `washer`.`id` = `tb_pesanan`.`id_washer`
ORDER BY `id_pesanan` DESC')
 3 SYSTEMPATH\Database\BaseConnection.php(652): CodeIgniter\Database\BaseConnection->simpleQuery('SELECT `tb_pesanan`.*, `tb_pelanggan`.`nama_pelanggan`, `tb_jenis`.`jenis_laundry`, `tb_jenis`.`tarif`, `kurir`.`name` AS `nama_kurir`, `admin`.`name` AS `nama_admin`, `washer`.`name` AS `nama_washer`
FROM `tb_pesanan`
JOIN `tb_pelanggan` ON `tb_pelanggan`.`id_pelanggan` = `tb_pesanan`.`id_pelanggan`
JOIN `tb_jenis` ON `tb_jenis`.`kd_jenis` = `tb_pesanan`.`kd_jenis`
LEFT JOIN `laundryku` AS `kurir` ON `kurir`.`id` = `tb_pesanan`.`id_kurir`
LEFT JOIN `laundryku` AS `admin` ON `admin`.`id` = `tb_pesanan`.`id_admin`
LEFT JOIN `laundryku` AS `washer` ON `washer`.`id` = `tb_pesanan`.`id_washer`
ORDER BY `id_pesanan` DESC')
 4 SYSTEMPATH\Database\BaseBuilder.php(1649): CodeIgniter\Database\BaseConnection->query('SELECT `tb_pesanan`.*, `tb_pelanggan`.`nama_pelanggan`, `tb_jenis`.`jenis_laundry`, `tb_jenis`.`tarif`, `kurir`.`name` AS `nama_kurir`, `admin`.`name` AS `nama_admin`, `washer`.`name` AS `nama_washer`
FROM `tb_pesanan`
JOIN `tb_pelanggan` ON `tb_pelanggan`.`id_pelanggan` = `tb_pesanan`.`id_pelanggan`
JOIN `tb_jenis` ON `tb_jenis`.`kd_jenis` = `tb_pesanan`.`kd_jenis`
LEFT JOIN `laundryku` AS `kurir` ON `kurir`.`id` = `tb_pesanan`.`id_kurir`
LEFT JOIN `laundryku` AS `admin` ON `admin`.`id` = `tb_pesanan`.`id_admin`
LEFT JOIN `laundryku` AS `washer` ON `washer`.`id` = `tb_pesanan`.`id_washer`
ORDER BY `id_pesanan` DESC', [], false)
 5 SYSTEMPATH\Model.php(286): CodeIgniter\Database\BaseBuilder->get()
 6 SYSTEMPATH\BaseModel.php(679): CodeIgniter\Model->doFindAll(0, 0)
 7 APPPATH\Models\PesananModel.php(46): CodeIgniter\BaseModel->findAll()
 8 APPPATH\Controllers\PesananController.php(14): App\Models\PesananModel->getPesanan()
 9 SYSTEMPATH\CodeIgniter.php(933): App\Controllers\PesananController->index()
10 SYSTEMPATH\CodeIgniter.php(507): CodeIgniter\CodeIgniter->runController(Object(App\Controllers\PesananController))
11 SYSTEMPATH\CodeIgniter.php(354): CodeIgniter\CodeIgniter->handleRequest(null, Object(Config\Cache), false)
12 SYSTEMPATH\Boot.php(334): CodeIgniter\CodeIgniter->run()
13 SYSTEMPATH\Boot.php(67): CodeIgniter\Boot::runCodeIgniter(Object(CodeIgniter\CodeIgniter))
14 FCPATH\index.php(59): CodeIgniter\Boot::bootWeb(Object(Config\Paths))
15 SYSTEMPATH\rewrite.php(44): require_once('C:\\xampp\\htdocs\\login\\public\\index.php')
DEBUG - 2025-12-16 15:06:05 --> Session: Class initialized using 'CodeIgniter\Session\Handlers\FileHandler' driver.
DEBUG - 2025-12-16 15:06:10 --> Session: Class initialized using 'CodeIgniter\Session\Handlers\FileHandler' driver.
DEBUG - 2025-12-16 15:06:13 --> Session: Class initialized using 'CodeIgniter\Session\Handlers\FileHandler' driver.
DEBUG - 2025-12-16 15:06:49 --> Session: Class initialized using 'CodeIgniter\Session\Handlers\FileHandler' driver.
DEBUG - 2025-12-16 15:07:07 --> Session: Class initialized using 'CodeIgniter\Session\Handlers\FileHandler' driver.
DEBUG - 2025-12-16 15:07:07 --> Session: Class initialized using 'CodeIgniter\Session\Handlers\FileHandler' driver.
DEBUG - 2025-12-16 15:07:30 --> Session: Class initialized using 'CodeIgniter\Session\Handlers\FileHandler' driver.
DEBUG - 2025-12-16 15:09:10 --> Session: Class initialized using 'CodeIgniter\Session\Handlers\FileHandler' driver.
DEBUG - 2025-12-16 15:09:25 --> Session: Class initialized using 'CodeIgniter\Session\Handlers\FileHandler' driver.
DEBUG - 2025-12-16 15:09:34 --> Session: Class initialized using 'CodeIgniter\Session\Handlers\FileHandler' driver.
DEBUG - 2025-12-16 15:09:35 --> Session: Class initialized using 'CodeIgniter\Session\Handlers\FileHandler' driver.
DEBUG - 2025-12-16 15:09:56 --> Session: Class initialized using 'CodeIgniter\Session\Handlers\FileHandler' driver.
DEBUG - 2025-12-16 15:10:06 --> Session: Class initialized using 'CodeIgniter\Session\Handlers\FileHandler' driver.
DEBUG - 2025-12-16 15:10:12 --> Session: Class initialized using 'CodeIgniter\Session\Handlers\FileHandler' driver.
DEBUG - 2025-12-16 15:10:15 --> Session: Class initialized using 'CodeIgniter\Session\Handlers\FileHandler' driver.
DEBUG - 2025-12-16 15:10:20 --> Session: Class initialized using 'CodeIgniter\Session\Handlers\FileHandler' driver.
DEBUG - 2025-12-16 15:10:28 --> Session: Class initialized using 'CodeIgniter\Session\Handlers\FileHandler' driver.
DEBUG - 2025-12-16 15:10:36 --> Session: Class initialized using 'CodeIgniter\Session\Handlers\FileHandler' driver.
DEBUG - 2025-12-16 15:10:40 --> Session: Class initialized using 'CodeIgniter\Session\Handlers\FileHandler' driver.
DEBUG - 2025-12-16 15:10:48 --> Session: Class initialized using 'CodeIgniter\Session\Handlers\FileHandler' driver.
ERROR - 2025-12-16 15:11:01 --> mysqli_sql_exception: Unknown column 'tb_pesanan.id_kurir' in 'on clause' in C:\xampp\htdocs\login\system\Database\MySQLi\Connection.php:327
Stack trace:
#0 C:\xampp\htdocs\login\system\Database\MySQLi\Connection.php(327): mysqli->query('SELECT `tb_pesa...', 0)
#1 C:\xampp\htdocs\login\system\Database\BaseConnection.php(738): CodeIgniter\Database\MySQLi\Connection->execute('SELECT `tb_pesa...')
#2 C:\xampp\htdocs\login\system\Database\BaseConnection.php(652): CodeIgniter\Database\BaseConnection->simpleQuery('SELECT `tb_pesa...')
#3 C:\xampp\htdocs\login\system\Database\BaseBuilder.php(1649): CodeIgniter\Database\BaseConnection->query('SELECT `tb_pesa...', Array, false)
#4 C:\xampp\htdocs\login\system\Model.php(286): CodeIgniter\Database\BaseBuilder->get()
#5 C:\xampp\htdocs\login\system\BaseModel.php(679): CodeIgniter\Model->doFindAll(0, 0)
#6 C:\xampp\htdocs\login\app\Controllers\PesananController.php(394): CodeIgniter\BaseModel->findAll()
#7 C:\xampp\htdocs\login\system\CodeIgniter.php(933): App\Controllers\PesananController->riwayatTransaksi()
#8 C:\xampp\htdocs\login\system\CodeIgniter.php(507): CodeIgniter\CodeIgniter->runController(Object(App\Controllers\PesananController))
#9 C:\xampp\htdocs\login\system\CodeIgniter.php(354): CodeIgniter\CodeIgniter->handleRequest(NULL, Object(Config\Cache), false)
#10 C:\xampp\htdocs\login\system\Boot.php(334): CodeIgniter\CodeIgniter->run()
#11 C:\xampp\htdocs\login\system\Boot.php(67): CodeIgniter\Boot::runCodeIgniter(Object(CodeIgniter\CodeIgniter))
#12 C:\xampp\htdocs\login\public\index.php(59): CodeIgniter\Boot::bootWeb(Object(Config\Paths))
#13 C:\xampp\htdocs\login\system\rewrite.php(44): require_once('C:\\xampp\\htdocs...')
#14 {main}
CRITICAL - 2025-12-16 15:11:01 --> CodeIgniter\Database\Exceptions\DatabaseException: Unknown column 'tb_pesanan.id_kurir' in 'on clause'
[Method: GET, Route: pesanan/riwayat]
in SYSTEMPATH\Database\BaseConnection.php on line 692.
 1 SYSTEMPATH\Database\BaseBuilder.php(1649): CodeIgniter\Database\BaseConnection->query('SELECT `tb_pesanan`.*, `tb_pelanggan`.`nama_pelanggan`, `tb_jenis`.`jenis_laundry`, `tb_jenis`.`tarif`, `kurir`.`name` AS `nama_kurir`
FROM `tb_pesanan`
JOIN `tb_pelanggan` ON `tb_pelanggan`.`id_pelanggan` = `tb_pesanan`.`id_pelanggan`
JOIN `tb_jenis` ON `tb_jenis`.`kd_jenis` = `tb_pesanan`.`kd_jenis`
LEFT JOIN `laundryku` AS `kurir` ON `kurir`.`id` = `tb_pesanan`.`id_kurir`
WHERE `tb_pesanan`.`status` = :tb_pesanan.status:
AND `tb_pesanan`.`status_selesai` = :tb_pesanan.status_selesai:
ORDER BY `tb_pesanan`.`id_pesanan` DESC', [...], false)
 2 SYSTEMPATH\Model.php(286): CodeIgniter\Database\BaseBuilder->get()
 3 SYSTEMPATH\BaseModel.php(679): CodeIgniter\Model->doFindAll(0, 0)
 4 APPPATH\Controllers\PesananController.php(394): CodeIgniter\BaseModel->findAll()
 5 SYSTEMPATH\CodeIgniter.php(933): App\Controllers\PesananController->riwayatTransaksi()
 6 SYSTEMPATH\CodeIgniter.php(507): CodeIgniter\CodeIgniter->runController(Object(App\Controllers\PesananController))
 7 SYSTEMPATH\CodeIgniter.php(354): CodeIgniter\CodeIgniter->handleRequest(null, Object(Config\Cache), false)
 8 SYSTEMPATH\Boot.php(334): CodeIgniter\CodeIgniter->run()
 9 SYSTEMPATH\Boot.php(67): CodeIgniter\Boot::runCodeIgniter(Object(CodeIgniter\CodeIgniter))
10 FCPATH\index.php(59): CodeIgniter\Boot::bootWeb(Object(Config\Paths))
11 SYSTEMPATH\rewrite.php(44): require_once('C:\\xampp\\htdocs\\login\\public\\index.php')
CRITICAL - 2025-12-16 15:11:01 --> [Caused by] CodeIgniter\Database\Exceptions\DatabaseException: Unknown column 'tb_pesanan.id_kurir' in 'on clause'
in SYSTEMPATH\Database\MySQLi\Connection.php on line 332.
 1 SYSTEMPATH\Database\BaseConnection.php(738): CodeIgniter\Database\MySQLi\Connection->execute('SELECT `tb_pesanan`.*, `tb_pelanggan`.`nama_pelanggan`, `tb_jenis`.`jenis_laundry`, `tb_jenis`.`tarif`, `kurir`.`name` AS `nama_kurir`
FROM `tb_pesanan`
JOIN `tb_pelanggan` ON `tb_pelanggan`.`id_pelanggan` = `tb_pesanan`.`id_pelanggan`
JOIN `tb_jenis` ON `tb_jenis`.`kd_jenis` = `tb_pesanan`.`kd_jenis`
LEFT JOIN `laundryku` AS `kurir` ON `kurir`.`id` = `tb_pesanan`.`id_kurir`
WHERE `tb_pesanan`.`status` = \'Selesai\'
AND `tb_pesanan`.`status_selesai` = \'Sudah Diambil\'
ORDER BY `tb_pesanan`.`id_pesanan` DESC')
 2 SYSTEMPATH\Database\BaseConnection.php(652): CodeIgniter\Database\BaseConnection->simpleQuery('SELECT `tb_pesanan`.*, `tb_pelanggan`.`nama_pelanggan`, `tb_jenis`.`jenis_laundry`, `tb_jenis`.`tarif`, `kurir`.`name` AS `nama_kurir`
FROM `tb_pesanan`
JOIN `tb_pelanggan` ON `tb_pelanggan`.`id_pelanggan` = `tb_pesanan`.`id_pelanggan`
JOIN `tb_jenis` ON `tb_jenis`.`kd_jenis` = `tb_pesanan`.`kd_jenis`
LEFT JOIN `laundryku` AS `kurir` ON `kurir`.`id` = `tb_pesanan`.`id_kurir`
WHERE `tb_pesanan`.`status` = \'Selesai\'
AND `tb_pesanan`.`status_selesai` = \'Sudah Diambil\'
ORDER BY `tb_pesanan`.`id_pesanan` DESC')
 3 SYSTEMPATH\Database\BaseBuilder.php(1649): CodeIgniter\Database\BaseConnection->query('SELECT `tb_pesanan`.*, `tb_pelanggan`.`nama_pelanggan`, `tb_jenis`.`jenis_laundry`, `tb_jenis`.`tarif`, `kurir`.`name` AS `nama_kurir`
FROM `tb_pesanan`
JOIN `tb_pelanggan` ON `tb_pelanggan`.`id_pelanggan` = `tb_pesanan`.`id_pelanggan`
JOIN `tb_jenis` ON `tb_jenis`.`kd_jenis` = `tb_pesanan`.`kd_jenis`
LEFT JOIN `laundryku` AS `kurir` ON `kurir`.`id` = `tb_pesanan`.`id_kurir`
WHERE `tb_pesanan`.`status` = :tb_pesanan.status:
AND `tb_pesanan`.`status_selesai` = :tb_pesanan.status_selesai:
ORDER BY `tb_pesanan`.`id_pesanan` DESC', [...], false)
 4 SYSTEMPATH\Model.php(286): CodeIgniter\Database\BaseBuilder->get()
 5 SYSTEMPATH\BaseModel.php(679): CodeIgniter\Model->doFindAll(0, 0)
 6 APPPATH\Controllers\PesananController.php(394): CodeIgniter\BaseModel->findAll()
 7 SYSTEMPATH\CodeIgniter.php(933): App\Controllers\PesananController->riwayatTransaksi()
 8 SYSTEMPATH\CodeIgniter.php(507): CodeIgniter\CodeIgniter->runController(Object(App\Controllers\PesananController))
 9 SYSTEMPATH\CodeIgniter.php(354): CodeIgniter\CodeIgniter->handleRequest(null, Object(Config\Cache), false)
10 SYSTEMPATH\Boot.php(334): CodeIgniter\CodeIgniter->run()
11 SYSTEMPATH\Boot.php(67): CodeIgniter\Boot::runCodeIgniter(Object(CodeIgniter\CodeIgniter))
12 FCPATH\index.php(59): CodeIgniter\Boot::bootWeb(Object(Config\Paths))
13 SYSTEMPATH\rewrite.php(44): require_once('C:\\xampp\\htdocs\\login\\public\\index.php')
CRITICAL - 2025-12-16 15:11:01 --> [Caused by] mysqli_sql_exception: Unknown column 'tb_pesanan.id_kurir' in 'on clause'
in SYSTEMPATH\Database\MySQLi\Connection.php on line 327.
 1 SYSTEMPATH\Database\MySQLi\Connection.php(327): mysqli->query('SELECT `tb_pesanan`.*, `tb_pelanggan`.`nama_pelanggan`, `tb_jenis`.`jenis_laundry`, `tb_jenis`.`tarif`, `kurir`.`name` AS `nama_kurir`
FROM `tb_pesanan`
JOIN `tb_pelanggan` ON `tb_pelanggan`.`id_pelanggan` = `tb_pesanan`.`id_pelanggan`
JOIN `tb_jenis` ON `tb_jenis`.`kd_jenis` = `tb_pesanan`.`kd_jenis`
LEFT JOIN `laundryku` AS `kurir` ON `kurir`.`id` = `tb_pesanan`.`id_kurir`
WHERE `tb_pesanan`.`status` = \'Selesai\'
AND `tb_pesanan`.`status_selesai` = \'Sudah Diambil\'
ORDER BY `tb_pesanan`.`id_pesanan` DESC', 0)
 2 SYSTEMPATH\Database\BaseConnection.php(738): CodeIgniter\Database\MySQLi\Connection->execute('SELECT `tb_pesanan`.*, `tb_pelanggan`.`nama_pelanggan`, `tb_jenis`.`jenis_laundry`, `tb_jenis`.`tarif`, `kurir`.`name` AS `nama_kurir`
FROM `tb_pesanan`
JOIN `tb_pelanggan` ON `tb_pelanggan`.`id_pelanggan` = `tb_pesanan`.`id_pelanggan`
JOIN `tb_jenis` ON `tb_jenis`.`kd_jenis` = `tb_pesanan`.`kd_jenis`
LEFT JOIN `laundryku` AS `kurir` ON `kurir`.`id` = `tb_pesanan`.`id_kurir`
WHERE `tb_pesanan`.`status` = \'Selesai\'
AND `tb_pesanan`.`status_selesai` = \'Sudah Diambil\'
ORDER BY `tb_pesanan`.`id_pesanan` DESC')
 3 SYSTEMPATH\Database\BaseConnection.php(652): CodeIgniter\Database\BaseConnection->simpleQuery('SELECT `tb_pesanan`.*, `tb_pelanggan`.`nama_pelanggan`, `tb_jenis`.`jenis_laundry`, `tb_jenis`.`tarif`, `kurir`.`name` AS `nama_kurir`
FROM `tb_pesanan`
JOIN `tb_pelanggan` ON `tb_pelanggan`.`id_pelanggan` = `tb_pesanan`.`id_pelanggan`
JOIN `tb_jenis` ON `tb_jenis`.`kd_jenis` = `tb_pesanan`.`kd_jenis`
LEFT JOIN `laundryku` AS `kurir` ON `kurir`.`id` = `tb_pesanan`.`id_kurir`
WHERE `tb_pesanan`.`status` = \'Selesai\'
AND `tb_pesanan`.`status_selesai` = \'Sudah Diambil\'
ORDER BY `tb_pesanan`.`id_pesanan` DESC')
 4 SYSTEMPATH\Database\BaseBuilder.php(1649): CodeIgniter\Database\BaseConnection->query('SELECT `tb_pesanan`.*, `tb_pelanggan`.`nama_pelanggan`, `tb_jenis`.`jenis_laundry`, `tb_jenis`.`tarif`, `kurir`.`name` AS `nama_kurir`
FROM `tb_pesanan`
JOIN `tb_pelanggan` ON `tb_pelanggan`.`id_pelanggan` = `tb_pesanan`.`id_pelanggan`
JOIN `tb_jenis` ON `tb_jenis`.`kd_jenis` = `tb_pesanan`.`kd_jenis`
LEFT JOIN `laundryku` AS `kurir` ON `kurir`.`id` = `tb_pesanan`.`id_kurir`
WHERE `tb_pesanan`.`status` = :tb_pesanan.status:
AND `tb_pesanan`.`status_selesai` = :tb_pesanan.status_selesai:
ORDER BY `tb_pesanan`.`id_pesanan` DESC', [...], false)
 5 SYSTEMPATH\Model.php(286): CodeIgniter\Database\BaseBuilder->get()
 6 SYSTEMPATH\BaseModel.php(679): CodeIgniter\Model->doFindAll(0, 0)
 7 APPPATH\Controllers\PesananController.php(394): CodeIgniter\BaseModel->findAll()
 8 SYSTEMPATH\CodeIgniter.php(933): App\Controllers\PesananController->riwayatTransaksi()
 9 SYSTEMPATH\CodeIgniter.php(507): CodeIgniter\CodeIgniter->runController(Object(App\Controllers\PesananController))
10 SYSTEMPATH\CodeIgniter.php(354): CodeIgniter\CodeIgniter->handleRequest(null, Object(Config\Cache), false)
11 SYSTEMPATH\Boot.php(334): CodeIgniter\CodeIgniter->run()
12 SYSTEMPATH\Boot.php(67): CodeIgniter\Boot::runCodeIgniter(Object(CodeIgniter\CodeIgniter))
13 FCPATH\index.php(59): CodeIgniter\Boot::bootWeb(Object(Config\Paths))
14 SYSTEMPATH\rewrite.php(44): require_once('C:\\xampp\\htdocs\\login\\public\\index.php')
DEBUG - 2025-12-16 15:11:12 --> Session: Class initialized using 'CodeIgniter\Session\Handlers\FileHandler' driver.
ERROR - 2025-12-16 15:11:31 --> mysqli_sql_exception: Unknown column 'tb_pesanan.id_kurir' in 'on clause' in C:\xampp\htdocs\login\system\Database\MySQLi\Connection.php:327
Stack trace:
#0 C:\xampp\htdocs\login\system\Database\MySQLi\Connection.php(327): mysqli->query('SELECT `tb_pesa...', 0)
#1 C:\xampp\htdocs\login\system\Database\BaseConnection.php(738): CodeIgniter\Database\MySQLi\Connection->execute('SELECT `tb_pesa...')
#2 C:\xampp\htdocs\login\system\Database\BaseConnection.php(652): CodeIgniter\Database\BaseConnection->simpleQuery('SELECT `tb_pesa...')
#3 C:\xampp\htdocs\login\system\Database\BaseBuilder.php(1649): CodeIgniter\Database\BaseConnection->query('SELECT `tb_pesa...', Array, false)
#4 C:\xampp\htdocs\login\system\Model.php(286): CodeIgniter\Database\BaseBuilder->get()
#5 C:\xampp\htdocs\login\system\BaseModel.php(679): CodeIgniter\Model->doFindAll(0, 0)
#6 C:\xampp\htdocs\login\app\Controllers\PesananController.php(394): CodeIgniter\BaseModel->findAll()
#7 C:\xampp\htdocs\login\system\CodeIgniter.php(933): App\Controllers\PesananController->riwayatTransaksi()
#8 C:\xampp\htdocs\login\system\CodeIgniter.php(507): CodeIgniter\CodeIgniter->runController(Object(App\Controllers\PesananController))
#9 C:\xampp\htdocs\login\system\CodeIgniter.php(354): CodeIgniter\CodeIgniter->handleRequest(NULL, Object(Config\Cache), false)
#10 C:\xampp\htdocs\login\system\Boot.php(334): CodeIgniter\CodeIgniter->run()
#11 C:\xampp\htdocs\login\system\Boot.php(67): CodeIgniter\Boot::runCodeIgniter(Object(CodeIgniter\CodeIgniter))
#12 C:\xampp\htdocs\login\public\index.php(59): CodeIgniter\Boot::bootWeb(Object(Config\Paths))
#13 C:\xampp\htdocs\login\system\rewrite.php(44): require_once('C:\\xampp\\htdocs...')
#14 {main}
CRITICAL - 2025-12-16 15:11:31 --> CodeIgniter\Database\Exceptions\DatabaseException: Unknown column 'tb_pesanan.id_kurir' in 'on clause'
[Method: GET, Route: pesanan/riwayat]
in SYSTEMPATH\Database\BaseConnection.php on line 692.
 1 SYSTEMPATH\Database\BaseBuilder.php(1649): CodeIgniter\Database\BaseConnection->query('SELECT `tb_pesanan`.*, `tb_pelanggan`.`nama_pelanggan`, `tb_jenis`.`jenis_laundry`, `tb_jenis`.`tarif`, `kurir`.`name` AS `nama_kurir`
FROM `tb_pesanan`
JOIN `tb_pelanggan` ON `tb_pelanggan`.`id_pelanggan` = `tb_pesanan`.`id_pelanggan`
JOIN `tb_jenis` ON `tb_jenis`.`kd_jenis` = `tb_pesanan`.`kd_jenis`
LEFT JOIN `laundryku` AS `kurir` ON `kurir`.`id` = `tb_pesanan`.`id_kurir`
WHERE `tb_pesanan`.`status` = :tb_pesanan.status:
AND `tb_pesanan`.`status_selesai` = :tb_pesanan.status_selesai:
ORDER BY `tb_pesanan`.`id_pesanan` DESC', [...], false)
 2 SYSTEMPATH\Model.php(286): CodeIgniter\Database\BaseBuilder->get()
 3 SYSTEMPATH\BaseModel.php(679): CodeIgniter\Model->doFindAll(0, 0)
 4 APPPATH\Controllers\PesananController.php(394): CodeIgniter\BaseModel->findAll()
 5 SYSTEMPATH\CodeIgniter.php(933): App\Controllers\PesananController->riwayatTransaksi()
 6 SYSTEMPATH\CodeIgniter.php(507): CodeIgniter\CodeIgniter->runController(Object(App\Controllers\PesananController))
 7 SYSTEMPATH\CodeIgniter.php(354): CodeIgniter\CodeIgniter->handleRequest(null, Object(Config\Cache), false)
 8 SYSTEMPATH\Boot.php(334): CodeIgniter\CodeIgniter->run()
 9 SYSTEMPATH\Boot.php(67): CodeIgniter\Boot::runCodeIgniter(Object(CodeIgniter\CodeIgniter))
10 FCPATH\index.php(59): CodeIgniter\Boot::bootWeb(Object(Config\Paths))
11 SYSTEMPATH\rewrite.php(44): require_once('C:\\xampp\\htdocs\\login\\public\\index.php')
CRITICAL - 2025-12-16 15:11:31 --> [Caused by] CodeIgniter\Database\Exceptions\DatabaseException: Unknown column 'tb_pesanan.id_kurir' in 'on clause'
in SYSTEMPATH\Database\MySQLi\Connection.php on line 332.
 1 SYSTEMPATH\Database\BaseConnection.php(738): CodeIgniter\Database\MySQLi\Connection->execute('SELECT `tb_pesanan`.*, `tb_pelanggan`.`nama_pelanggan`, `tb_jenis`.`jenis_laundry`, `tb_jenis`.`tarif`, `kurir`.`name` AS `nama_kurir`
FROM `tb_pesanan`
JOIN `tb_pelanggan` ON `tb_pelanggan`.`id_pelanggan` = `tb_pesanan`.`id_pelanggan`
JOIN `tb_jenis` ON `tb_jenis`.`kd_jenis` = `tb_pesanan`.`kd_jenis`
LEFT JOIN `laundryku` AS `kurir` ON `kurir`.`id` = `tb_pesanan`.`id_kurir`
WHERE `tb_pesanan`.`status` = \'Selesai\'
AND `tb_pesanan`.`status_selesai` = \'Sudah Diambil\'
ORDER BY `tb_pesanan`.`id_pesanan` DESC')
 2 SYSTEMPATH\Database\BaseConnection.php(652): CodeIgniter\Database\BaseConnection->simpleQuery('SELECT `tb_pesanan`.*, `tb_pelanggan`.`nama_pelanggan`, `tb_jenis`.`jenis_laundry`, `tb_jenis`.`tarif`, `kurir`.`name` AS `nama_kurir`
FROM `tb_pesanan`
JOIN `tb_pelanggan` ON `tb_pelanggan`.`id_pelanggan` = `tb_pesanan`.`id_pelanggan`
JOIN `tb_jenis` ON `tb_jenis`.`kd_jenis` = `tb_pesanan`.`kd_jenis`
LEFT JOIN `laundryku` AS `kurir` ON `kurir`.`id` = `tb_pesanan`.`id_kurir`
WHERE `tb_pesanan`.`status` = \'Selesai\'
AND `tb_pesanan`.`status_selesai` = \'Sudah Diambil\'
ORDER BY `tb_pesanan`.`id_pesanan` DESC')
 3 SYSTEMPATH\Database\BaseBuilder.php(1649): CodeIgniter\Database\BaseConnection->query('SELECT `tb_pesanan`.*, `tb_pelanggan`.`nama_pelanggan`, `tb_jenis`.`jenis_laundry`, `tb_jenis`.`tarif`, `kurir`.`name` AS `nama_kurir`
FROM `tb_pesanan`
JOIN `tb_pelanggan` ON `tb_pelanggan`.`id_pelanggan` = `tb_pesanan`.`id_pelanggan`
JOIN `tb_jenis` ON `tb_jenis`.`kd_jenis` = `tb_pesanan`.`kd_jenis`
LEFT JOIN `laundryku` AS `kurir` ON `kurir`.`id` = `tb_pesanan`.`id_kurir`
WHERE `tb_pesanan`.`status` = :tb_pesanan.status:
AND `tb_pesanan`.`status_selesai` = :tb_pesanan.status_selesai:
ORDER BY `tb_pesanan`.`id_pesanan` DESC', [...], false)
 4 SYSTEMPATH\Model.php(286): CodeIgniter\Database\BaseBuilder->get()
 5 SYSTEMPATH\BaseModel.php(679): CodeIgniter\Model->doFindAll(0, 0)
 6 APPPATH\Controllers\PesananController.php(394): CodeIgniter\BaseModel->findAll()
 7 SYSTEMPATH\CodeIgniter.php(933): App\Controllers\PesananController->riwayatTransaksi()
 8 SYSTEMPATH\CodeIgniter.php(507): CodeIgniter\CodeIgniter->runController(Object(App\Controllers\PesananController))
 9 SYSTEMPATH\CodeIgniter.php(354): CodeIgniter\CodeIgniter->handleRequest(null, Object(Config\Cache), false)
10 SYSTEMPATH\Boot.php(334): CodeIgniter\CodeIgniter->run()
11 SYSTEMPATH\Boot.php(67): CodeIgniter\Boot::runCodeIgniter(Object(CodeIgniter\CodeIgniter))
12 FCPATH\index.php(59): CodeIgniter\Boot::bootWeb(Object(Config\Paths))
13 SYSTEMPATH\rewrite.php(44): require_once('C:\\xampp\\htdocs\\login\\public\\index.php')
CRITICAL - 2025-12-16 15:11:31 --> [Caused by] mysqli_sql_exception: Unknown column 'tb_pesanan.id_kurir' in 'on clause'
in SYSTEMPATH\Database\MySQLi\Connection.php on line 327.
 1 SYSTEMPATH\Database\MySQLi\Connection.php(327): mysqli->query('SELECT `tb_pesanan`.*, `tb_pelanggan`.`nama_pelanggan`, `tb_jenis`.`jenis_laundry`, `tb_jenis`.`tarif`, `kurir`.`name` AS `nama_kurir`
FROM `tb_pesanan`
JOIN `tb_pelanggan` ON `tb_pelanggan`.`id_pelanggan` = `tb_pesanan`.`id_pelanggan`
JOIN `tb_jenis` ON `tb_jenis`.`kd_jenis` = `tb_pesanan`.`kd_jenis`
LEFT JOIN `laundryku` AS `kurir` ON `kurir`.`id` = `tb_pesanan`.`id_kurir`
WHERE `tb_pesanan`.`status` = \'Selesai\'
AND `tb_pesanan`.`status_selesai` = \'Sudah Diambil\'
ORDER BY `tb_pesanan`.`id_pesanan` DESC', 0)
 2 SYSTEMPATH\Database\BaseConnection.php(738): CodeIgniter\Database\MySQLi\Connection->execute('SELECT `tb_pesanan`.*, `tb_pelanggan`.`nama_pelanggan`, `tb_jenis`.`jenis_laundry`, `tb_jenis`.`tarif`, `kurir`.`name` AS `nama_kurir`
FROM `tb_pesanan`
JOIN `tb_pelanggan` ON `tb_pelanggan`.`id_pelanggan` = `tb_pesanan`.`id_pelanggan`
JOIN `tb_jenis` ON `tb_jenis`.`kd_jenis` = `tb_pesanan`.`kd_jenis`
LEFT JOIN `laundryku` AS `kurir` ON `kurir`.`id` = `tb_pesanan`.`id_kurir`
WHERE `tb_pesanan`.`status` = \'Selesai\'
AND `tb_pesanan`.`status_selesai` = \'Sudah Diambil\'
ORDER BY `tb_pesanan`.`id_pesanan` DESC')
 3 SYSTEMPATH\Database\BaseConnection.php(652): CodeIgniter\Database\BaseConnection->simpleQuery('SELECT `tb_pesanan`.*, `tb_pelanggan`.`nama_pelanggan`, `tb_jenis`.`jenis_laundry`, `tb_jenis`.`tarif`, `kurir`.`name` AS `nama_kurir`
FROM `tb_pesanan`
JOIN `tb_pelanggan` ON `tb_pelanggan`.`id_pelanggan` = `tb_pesanan`.`id_pelanggan`
JOIN `tb_jenis` ON `tb_jenis`.`kd_jenis` = `tb_pesanan`.`kd_jenis`
LEFT JOIN `laundryku` AS `kurir` ON `kurir`.`id` = `tb_pesanan`.`id_kurir`
WHERE `tb_pesanan`.`status` = \'Selesai\'
AND `tb_pesanan`.`status_selesai` = \'Sudah Diambil\'
ORDER BY `tb_pesanan`.`id_pesanan` DESC')
 4 SYSTEMPATH\Database\BaseBuilder.php(1649): CodeIgniter\Database\BaseConnection->query('SELECT `tb_pesanan`.*, `tb_pelanggan`.`nama_pelanggan`, `tb_jenis`.`jenis_laundry`, `tb_jenis`.`tarif`, `kurir`.`name` AS `nama_kurir`
FROM `tb_pesanan`
JOIN `tb_pelanggan` ON `tb_pelanggan`.`id_pelanggan` = `tb_pesanan`.`id_pelanggan`
JOIN `tb_jenis` ON `tb_jenis`.`kd_jenis` = `tb_pesanan`.`kd_jenis`
LEFT JOIN `laundryku` AS `kurir` ON `kurir`.`id` = `tb_pesanan`.`id_kurir`
WHERE `tb_pesanan`.`status` = :tb_pesanan.status:
AND `tb_pesanan`.`status_selesai` = :tb_pesanan.status_selesai:
ORDER BY `tb_pesanan`.`id_pesanan` DESC', [...], false)
 5 SYSTEMPATH\Model.php(286): CodeIgniter\Database\BaseBuilder->get()
 6 SYSTEMPATH\BaseModel.php(679): CodeIgniter\Model->doFindAll(0, 0)
 7 APPPATH\Controllers\PesananController.php(394): CodeIgniter\BaseModel->findAll()
 8 SYSTEMPATH\CodeIgniter.php(933): App\Controllers\PesananController->riwayatTransaksi()
 9 SYSTEMPATH\CodeIgniter.php(507): CodeIgniter\CodeIgniter->runController(Object(App\Controllers\PesananController))
10 SYSTEMPATH\CodeIgniter.php(354): CodeIgniter\CodeIgniter->handleRequest(null, Object(Config\Cache), false)
11 SYSTEMPATH\Boot.php(334): CodeIgniter\CodeIgniter->run()
12 SYSTEMPATH\Boot.php(67): CodeIgniter\Boot::runCodeIgniter(Object(CodeIgniter\CodeIgniter))
13 FCPATH\index.php(59): CodeIgniter\Boot::bootWeb(Object(Config\Paths))
14 SYSTEMPATH\rewrite.php(44): require_once('C:\\xampp\\htdocs\\login\\public\\index.php')
DEBUG - 2025-12-16 15:11:37 --> Session: Class initialized using 'CodeIgniter\Session\Handlers\FileHandler' driver.
ERROR - 2025-12-16 15:12:52 --> mysqli_sql_exception: Unknown column 'tb_pesanan.id_kurir' in 'on clause' in C:\xampp\htdocs\login\system\Database\MySQLi\Connection.php:327
Stack trace:
#0 C:\xampp\htdocs\login\system\Database\MySQLi\Connection.php(327): mysqli->query('SELECT `tb_pesa...', 0)
#1 C:\xampp\htdocs\login\system\Database\BaseConnection.php(738): CodeIgniter\Database\MySQLi\Connection->execute('SELECT `tb_pesa...')
#2 C:\xampp\htdocs\login\system\Database\BaseConnection.php(652): CodeIgniter\Database\BaseConnection->simpleQuery('SELECT `tb_pesa...')
#3 C:\xampp\htdocs\login\system\Database\BaseBuilder.php(1649): CodeIgniter\Database\BaseConnection->query('SELECT `tb_pesa...', Array, false)
#4 C:\xampp\htdocs\login\system\Model.php(286): CodeIgniter\Database\BaseBuilder->get()
#5 C:\xampp\htdocs\login\system\BaseModel.php(679): CodeIgniter\Model->doFindAll(0, 0)
#6 C:\xampp\htdocs\login\app\Controllers\PesananController.php(394): CodeIgniter\BaseModel->findAll()
#7 C:\xampp\htdocs\login\system\CodeIgniter.php(933): App\Controllers\PesananController->riwayatTransaksi()
#8 C:\xampp\htdocs\login\system\CodeIgniter.php(507): CodeIgniter\CodeIgniter->runController(Object(App\Controllers\PesananController))
#9 C:\xampp\htdocs\login\system\CodeIgniter.php(354): CodeIgniter\CodeIgniter->handleRequest(NULL, Object(Config\Cache), false)
#10 C:\xampp\htdocs\login\system\Boot.php(334): CodeIgniter\CodeIgniter->run()
#11 C:\xampp\htdocs\login\system\Boot.php(67): CodeIgniter\Boot::runCodeIgniter(Object(CodeIgniter\CodeIgniter))
#12 C:\xampp\htdocs\login\public\index.php(59): CodeIgniter\Boot::bootWeb(Object(Config\Paths))
#13 C:\xampp\htdocs\login\system\rewrite.php(44): require_once('C:\\xampp\\htdocs...')
#14 {main}
CRITICAL - 2025-12-16 15:12:52 --> CodeIgniter\Database\Exceptions\DatabaseException: Unknown column 'tb_pesanan.id_kurir' in 'on clause'
[Method: GET, Route: pesanan/riwayat]
in SYSTEMPATH\Database\BaseConnection.php on line 692.
 1 SYSTEMPATH\Database\BaseBuilder.php(1649): CodeIgniter\Database\BaseConnection->query('SELECT `tb_pesanan`.*, `tb_pelanggan`.`nama_pelanggan`, `tb_jenis`.`jenis_laundry`, `tb_jenis`.`tarif`, `kurir`.`name` AS `nama_kurir`
FROM `tb_pesanan`
JOIN `tb_pelanggan` ON `tb_pelanggan`.`id_pelanggan` = `tb_pesanan`.`id_pelanggan`
JOIN `tb_jenis` ON `tb_jenis`.`kd_jenis` = `tb_pesanan`.`kd_jenis`
LEFT JOIN `laundryku` AS `kurir` ON `kurir`.`id` = `tb_pesanan`.`id_kurir`
WHERE `tb_pesanan`.`status` = :tb_pesanan.status:
AND `tb_pesanan`.`status_selesai` = :tb_pesanan.status_selesai:
ORDER BY `tb_pesanan`.`id_pesanan` DESC', [...], false)
 2 SYSTEMPATH\Model.php(286): CodeIgniter\Database\BaseBuilder->get()
 3 SYSTEMPATH\BaseModel.php(679): CodeIgniter\Model->doFindAll(0, 0)
 4 APPPATH\Controllers\PesananController.php(394): CodeIgniter\BaseModel->findAll()
 5 SYSTEMPATH\CodeIgniter.php(933): App\Controllers\PesananController->riwayatTransaksi()
 6 SYSTEMPATH\CodeIgniter.php(507): CodeIgniter\CodeIgniter->runController(Object(App\Controllers\PesananController))
 7 SYSTEMPATH\CodeIgniter.php(354): CodeIgniter\CodeIgniter->handleRequest(null, Object(Config\Cache), false)
 8 SYSTEMPATH\Boot.php(334): CodeIgniter\CodeIgniter->run()
 9 SYSTEMPATH\Boot.php(67): CodeIgniter\Boot::runCodeIgniter(Object(CodeIgniter\CodeIgniter))
10 FCPATH\index.php(59): CodeIgniter\Boot::bootWeb(Object(Config\Paths))
11 SYSTEMPATH\rewrite.php(44): require_once('C:\\xampp\\htdocs\\login\\public\\index.php')
CRITICAL - 2025-12-16 15:12:52 --> [Caused by] CodeIgniter\Database\Exceptions\DatabaseException: Unknown column 'tb_pesanan.id_kurir' in 'on clause'
in SYSTEMPATH\Database\MySQLi\Connection.php on line 332.
 1 SYSTEMPATH\Database\BaseConnection.php(738): CodeIgniter\Database\MySQLi\Connection->execute('SELECT `tb_pesanan`.*, `tb_pelanggan`.`nama_pelanggan`, `tb_jenis`.`jenis_laundry`, `tb_jenis`.`tarif`, `kurir`.`name` AS `nama_kurir`
FROM `tb_pesanan`
JOIN `tb_pelanggan` ON `tb_pelanggan`.`id_pelanggan` = `tb_pesanan`.`id_pelanggan`
JOIN `tb_jenis` ON `tb_jenis`.`kd_jenis` = `tb_pesanan`.`kd_jenis`
LEFT JOIN `laundryku` AS `kurir` ON `kurir`.`id` = `tb_pesanan`.`id_kurir`
WHERE `tb_pesanan`.`status` = \'Selesai\'
AND `tb_pesanan`.`status_selesai` = \'Sudah Diambil\'
ORDER BY `tb_pesanan`.`id_pesanan` DESC')
 2 SYSTEMPATH\Database\BaseConnection.php(652): CodeIgniter\Database\BaseConnection->simpleQuery('SELECT `tb_pesanan`.*, `tb_pelanggan`.`nama_pelanggan`, `tb_jenis`.`jenis_laundry`, `tb_jenis`.`tarif`, `kurir`.`name` AS `nama_kurir`
FROM `tb_pesanan`
JOIN `tb_pelanggan` ON `tb_pelanggan`.`id_pelanggan` = `tb_pesanan`.`id_pelanggan`
JOIN `tb_jenis` ON `tb_jenis`.`kd_jenis` = `tb_pesanan`.`kd_jenis`
LEFT JOIN `laundryku` AS `kurir` ON `kurir`.`id` = `tb_pesanan`.`id_kurir`
WHERE `tb_pesanan`.`status` = \'Selesai\'
AND `tb_pesanan`.`status_selesai` = \'Sudah Diambil\'
ORDER BY `tb_pesanan`.`id_pesanan` DESC')
 3 SYSTEMPATH\Database\BaseBuilder.php(1649): CodeIgniter\Database\BaseConnection->query('SELECT `tb_pesanan`.*, `tb_pelanggan`.`nama_pelanggan`, `tb_jenis`.`jenis_laundry`, `tb_jenis`.`tarif`, `kurir`.`name` AS `nama_kurir`
FROM `tb_pesanan`
JOIN `tb_pelanggan` ON `tb_pelanggan`.`id_pelanggan` = `tb_pesanan`.`id_pelanggan`
JOIN `tb_jenis` ON `tb_jenis`.`kd_jenis` = `tb_pesanan`.`kd_jenis`
LEFT JOIN `laundryku` AS `kurir` ON `kurir`.`id` = `tb_pesanan`.`id_kurir`
WHERE `tb_pesanan`.`status` = :tb_pesanan.status:
AND `tb_pesanan`.`status_selesai` = :tb_pesanan.status_selesai:
ORDER BY `tb_pesanan`.`id_pesanan` DESC', [...], false)
 4 SYSTEMPATH\Model.php(286): CodeIgniter\Database\BaseBuilder->get()
 5 SYSTEMPATH\BaseModel.php(679): CodeIgniter\Model->doFindAll(0, 0)
 6 APPPATH\Controllers\PesananController.php(394): CodeIgniter\BaseModel->findAll()
 7 SYSTEMPATH\CodeIgniter.php(933): App\Controllers\PesananController->riwayatTransaksi()
 8 SYSTEMPATH\CodeIgniter.php(507): CodeIgniter\CodeIgniter->runController(Object(App\Controllers\PesananController))
 9 SYSTEMPATH\CodeIgniter.php(354): CodeIgniter\CodeIgniter->handleRequest(null, Object(Config\Cache), false)
10 SYSTEMPATH\Boot.php(334): CodeIgniter\CodeIgniter->run()
11 SYSTEMPATH\Boot.php(67): CodeIgniter\Boot::runCodeIgniter(Object(CodeIgniter\CodeIgniter))
12 FCPATH\index.php(59): CodeIgniter\Boot::bootWeb(Object(Config\Paths))
13 SYSTEMPATH\rewrite.php(44): require_once('C:\\xampp\\htdocs\\login\\public\\index.php')
CRITICAL - 2025-12-16 15:12:52 --> [Caused by] mysqli_sql_exception: Unknown column 'tb_pesanan.id_kurir' in 'on clause'
in SYSTEMPATH\Database\MySQLi\Connection.php on line 327.
 1 SYSTEMPATH\Database\MySQLi\Connection.php(327): mysqli->query('SELECT `tb_pesanan`.*, `tb_pelanggan`.`nama_pelanggan`, `tb_jenis`.`jenis_laundry`, `tb_jenis`.`tarif`, `kurir`.`name` AS `nama_kurir`
FROM `tb_pesanan`
JOIN `tb_pelanggan` ON `tb_pelanggan`.`id_pelanggan` = `tb_pesanan`.`id_pelanggan`
JOIN `tb_jenis` ON `tb_jenis`.`kd_jenis` = `tb_pesanan`.`kd_jenis`
LEFT JOIN `laundryku` AS `kurir` ON `kurir`.`id` = `tb_pesanan`.`id_kurir`
WHERE `tb_pesanan`.`status` = \'Selesai\'
AND `tb_pesanan`.`status_selesai` = \'Sudah Diambil\'
ORDER BY `tb_pesanan`.`id_pesanan` DESC', 0)
 2 SYSTEMPATH\Database\BaseConnection.php(738): CodeIgniter\Database\MySQLi\Connection->execute('SELECT `tb_pesanan`.*, `tb_pelanggan`.`nama_pelanggan`, `tb_jenis`.`jenis_laundry`, `tb_jenis`.`tarif`, `kurir`.`name` AS `nama_kurir`
FROM `tb_pesanan`
JOIN `tb_pelanggan` ON `tb_pelanggan`.`id_pelanggan` = `tb_pesanan`.`id_pelanggan`
JOIN `tb_jenis` ON `tb_jenis`.`kd_jenis` = `tb_pesanan`.`kd_jenis`
LEFT JOIN `laundryku` AS `kurir` ON `kurir`.`id` = `tb_pesanan`.`id_kurir`
WHERE `tb_pesanan`.`status` = \'Selesai\'
AND `tb_pesanan`.`status_selesai` = \'Sudah Diambil\'
ORDER BY `tb_pesanan`.`id_pesanan` DESC')
 3 SYSTEMPATH\Database\BaseConnection.php(652): CodeIgniter\Database\BaseConnection->simpleQuery('SELECT `tb_pesanan`.*, `tb_pelanggan`.`nama_pelanggan`, `tb_jenis`.`jenis_laundry`, `tb_jenis`.`tarif`, `kurir`.`name` AS `nama_kurir`
FROM `tb_pesanan`
JOIN `tb_pelanggan` ON `tb_pelanggan`.`id_pelanggan` = `tb_pesanan`.`id_pelanggan`
JOIN `tb_jenis` ON `tb_jenis`.`kd_jenis` = `tb_pesanan`.`kd_jenis`
LEFT JOIN `laundryku` AS `kurir` ON `kurir`.`id` = `tb_pesanan`.`id_kurir`
WHERE `tb_pesanan`.`status` = \'Selesai\'
AND `tb_pesanan`.`status_selesai` = \'Sudah Diambil\'
ORDER BY `tb_pesanan`.`id_pesanan` DESC')
 4 SYSTEMPATH\Database\BaseBuilder.php(1649): CodeIgniter\Database\BaseConnection->query('SELECT `tb_pesanan`.*, `tb_pelanggan`.`nama_pelanggan`, `tb_jenis`.`jenis_laundry`, `tb_jenis`.`tarif`, `kurir`.`name` AS `nama_kurir`
FROM `tb_pesanan`
JOIN `tb_pelanggan` ON `tb_pelanggan`.`id_pelanggan` = `tb_pesanan`.`id_pelanggan`
JOIN `tb_jenis` ON `tb_jenis`.`kd_jenis` = `tb_pesanan`.`kd_jenis`
LEFT JOIN `laundryku` AS `kurir` ON `kurir`.`id` = `tb_pesanan`.`id_kurir`
WHERE `tb_pesanan`.`status` = :tb_pesanan.status:
AND `tb_pesanan`.`status_selesai` = :tb_pesanan.status_selesai:
ORDER BY `tb_pesanan`.`id_pesanan` DESC', [...], false)
 5 SYSTEMPATH\Model.php(286): CodeIgniter\Database\BaseBuilder->get()
 6 SYSTEMPATH\BaseModel.php(679): CodeIgniter\Model->doFindAll(0, 0)
 7 APPPATH\Controllers\PesananController.php(394): CodeIgniter\BaseModel->findAll()
 8 SYSTEMPATH\CodeIgniter.php(933): App\Controllers\PesananController->riwayatTransaksi()
 9 SYSTEMPATH\CodeIgniter.php(507): CodeIgniter\CodeIgniter->runController(Object(App\Controllers\PesananController))
10 SYSTEMPATH\CodeIgniter.php(354): CodeIgniter\CodeIgniter->handleRequest(null, Object(Config\Cache), false)
11 SYSTEMPATH\Boot.php(334): CodeIgniter\CodeIgniter->run()
12 SYSTEMPATH\Boot.php(67): CodeIgniter\Boot::runCodeIgniter(Object(CodeIgniter\CodeIgniter))
13 FCPATH\index.php(59): CodeIgniter\Boot::bootWeb(Object(Config\Paths))
14 SYSTEMPATH\rewrite.php(44): require_once('C:\\xampp\\htdocs\\login\\public\\index.php')
DEBUG - 2025-12-16 15:16:07 --> Session: Class initialized using 'CodeIgniter\Session\Handlers\FileHandler' driver.
DEBUG - 2025-12-16 15:16:11 --> Session: Class initialized using 'CodeIgniter\Session\Handlers\FileHandler' driver.
DEBUG - 2025-12-16 15:16:32 --> Session: Class initialized using 'CodeIgniter\Session\Handlers\FileHandler' driver.
DEBUG - 2025-12-16 15:16:37 --> Session: Class initialized using 'CodeIgniter\Session\Handlers\FileHandler' driver.
DEBUG - 2025-12-16 15:17:36 --> Session: Class initialized using 'CodeIgniter\Session\Handlers\FileHandler' driver.
DEBUG - 2025-12-16 15:19:59 --> Session: Class initialized using 'CodeIgniter\Session\Handlers\FileHandler' driver.
DEBUG - 2025-12-16 15:20:07 --> Session: Class initialized using 'CodeIgniter\Session\Handlers\FileHandler' driver.
DEBUG - 2025-12-16 15:20:12 --> Session: Class initialized using 'CodeIgniter\Session\Handlers\FileHandler' driver.
DEBUG - 2025-12-16 15:20:52 --> Session: Class initialized using 'CodeIgniter\Session\Handlers\FileHandler' driver.
DEBUG - 2025-12-16 15:20:56 --> Session: Class initialized using 'CodeIgniter\Session\Handlers\FileHandler' driver.
DEBUG - 2025-12-16 15:21:10 --> Session: Class initialized using 'CodeIgniter\Session\Handlers\FileHandler' driver.
DEBUG - 2025-12-16 15:21:11 --> Session: Class initialized using 'CodeIgniter\Session\Handlers\FileHandler' driver.
DEBUG - 2025-12-16 15:26:51 --> Session: Class initialized using 'CodeIgniter\Session\Handlers\FileHandler' driver.
DEBUG - 2025-12-16 15:26:54 --> Session: Class initialized using 'CodeIgniter\Session\Handlers\FileHandler' driver.
DEBUG - 2025-12-16 15:27:05 --> Session: Class initialized using 'CodeIgniter\Session\Handlers\FileHandler' driver.
DEBUG - 2025-12-16 15:27:10 --> Session: Class initialized using 'CodeIgniter\Session\Handlers\FileHandler' driver.
DEBUG - 2025-12-16 15:27:11 --> Session: Class initialized using 'CodeIgniter\Session\Handlers\FileHandler' driver.
DEBUG - 2025-12-16 15:27:19 --> Session: Class initialized using 'CodeIgniter\Session\Handlers\FileHandler' driver.
DEBUG - 2025-12-16 15:27:31 --> Session: Class initialized using 'CodeIgniter\Session\Handlers\FileHandler' driver.
DEBUG - 2025-12-16 15:29:43 --> Session: Class initialized using 'CodeIgniter\Session\Handlers\FileHandler' driver.
DEBUG - 2025-12-16 15:29:49 --> Session: Class initialized using 'CodeIgniter\Session\Handlers\FileHandler' driver.
DEBUG - 2025-12-16 15:29:50 --> Session: Class initialized using 'CodeIgniter\Session\Handlers\FileHandler' driver.
DEBUG - 2025-12-16 15:30:03 --> Session: Class initialized using 'CodeIgniter\Session\Handlers\FileHandler' driver.
DEBUG - 2025-12-16 15:31:13 --> Session: Class initialized using 'CodeIgniter\Session\Handlers\FileHandler' driver.
DEBUG - 2025-12-16 15:31:18 --> Session: Class initialized using 'CodeIgniter\Session\Handlers\FileHandler' driver.
DEBUG - 2025-12-16 15:31:24 --> Session: Class initialized using 'CodeIgniter\Session\Handlers\FileHandler' driver.
DEBUG - 2025-12-16 15:31:51 --> Session: Class initialized using 'CodeIgniter\Session\Handlers\FileHandler' driver.
DEBUG - 2025-12-16 15:31:54 --> Session: Class initialized using 'CodeIgniter\Session\Handlers\FileHandler' driver.
DEBUG - 2025-12-16 15:32:01 --> Session: Class initialized using 'CodeIgniter\Session\Handlers\FileHandler' driver.
DEBUG - 2025-12-16 15:40:54 --> Session: Class initialized using 'CodeIgniter\Session\Handlers\FileHandler' driver.
DEBUG - 2025-12-16 15:41:11 --> Session: Class initialized using 'CodeIgniter\Session\Handlers\FileHandler' driver.
DEBUG - 2025-12-16 15:41:17 --> Session: Class initialized using 'CodeIgniter\Session\Handlers\FileHandler' driver.
DEBUG - 2025-12-16 15:41:29 --> Session: Class initialized using 'CodeIgniter\Session\Handlers\FileHandler' driver.
DEBUG - 2025-12-16 15:41:30 --> Session: Class initialized using 'CodeIgniter\Session\Handlers\FileHandler' driver.
DEBUG - 2025-12-16 15:41:43 --> Session: Class initialized using 'CodeIgniter\Session\Handlers\FileHandler' driver.
DEBUG - 2025-12-16 15:48:30 --> Session: Class initialized using 'CodeIgniter\Session\Handlers\FileHandler' driver.
DEBUG - 2025-12-16 15:49:01 --> Session: Class initialized using 'CodeIgniter\Session\Handlers\FileHandler' driver.
DEBUG - 2025-12-16 15:49:06 --> Session: Class initialized using 'CodeIgniter\Session\Handlers\FileHandler' driver.
DEBUG - 2025-12-16 15:49:13 --> Session: Class initialized using 'CodeIgniter\Session\Handlers\FileHandler' driver.
DEBUG - 2025-12-16 15:49:17 --> Session: Class initialized using 'CodeIgniter\Session\Handlers\FileHandler' driver.
DEBUG - 2025-12-16 15:50:35 --> Session: Class initialized using 'CodeIgniter\Session\Handlers\FileHandler' driver.
DEBUG - 2025-12-16 15:50:36 --> Session: Class initialized using 'CodeIgniter\Session\Handlers\FileHandler' driver.
DEBUG - 2025-12-16 15:50:48 --> Session: Class initialized using 'CodeIgniter\Session\Handlers\FileHandler' driver.
DEBUG - 2025-12-16 15:50:48 --> Session: Class initialized using 'CodeIgniter\Session\Handlers\FileHandler' driver.
DEBUG - 2025-12-16 15:51:13 --> Session: Class initialized using 'CodeIgniter\Session\Handlers\FileHandler' driver.
DEBUG - 2025-12-16 15:51:14 --> Session: Class initialized using 'CodeIgniter\Session\Handlers\FileHandler' driver.
DEBUG - 2025-12-16 15:51:29 --> Session: Class initialized using 'CodeIgniter\Session\Handlers\FileHandler' driver.
DEBUG - 2025-12-16 15:51:38 --> Session: Class initialized using 'CodeIgniter\Session\Handlers\FileHandler' driver.
DEBUG - 2025-12-16 15:51:45 --> Session: Class initialized using 'CodeIgniter\Session\Handlers\FileHandler' driver.
DEBUG - 2025-12-16 15:51:45 --> Session: Class initialized using 'CodeIgniter\Session\Handlers\FileHandler' driver.
DEBUG - 2025-12-16 15:52:39 --> Session: Class initialized using 'CodeIgniter\Session\Handlers\FileHandler' driver.
DEBUG - 2025-12-16 15:53:45 --> Session: Class initialized using 'CodeIgniter\Session\Handlers\FileHandler' driver.
DEBUG - 2025-12-16 15:54:13 --> Session: Class initialized using 'CodeIgniter\Session\Handlers\FileHandler' driver.
DEBUG - 2025-12-16 15:54:14 --> Session: Class initialized using 'CodeIgniter\Session\Handlers\FileHandler' driver.
DEBUG - 2025-12-16 15:54:54 --> Session: Class initialized using 'CodeIgniter\Session\Handlers\FileHandler' driver.
DEBUG - 2025-12-16 15:54:55 --> Session: Class initialized using 'CodeIgniter\Session\Handlers\FileHandler' driver.
DEBUG - 2025-12-16 15:55:04 --> Session: Class initialized using 'CodeIgniter\Session\Handlers\FileHandler' driver.
DEBUG - 2025-12-16 15:56:08 --> Session: Class initialized using 'CodeIgniter\Session\Handlers\FileHandler' driver.
DEBUG - 2025-12-16 15:56:09 --> Session: Class initialized using 'CodeIgniter\Session\Handlers\FileHandler' driver.
DEBUG - 2025-12-16 15:56:32 --> Session: Class initialized using 'CodeIgniter\Session\Handlers\FileHandler' driver.
DEBUG - 2025-12-16 15:56:33 --> Session: Class initialized using 'CodeIgniter\Session\Handlers\FileHandler' driver.
DEBUG - 2025-12-16 16:10:04 --> Session: Class initialized using 'CodeIgniter\Session\Handlers\FileHandler' driver.
DEBUG - 2025-12-16 16:10:09 --> Session: Class initialized using 'CodeIgniter\Session\Handlers\FileHandler' driver.
DEBUG - 2025-12-16 16:10:17 --> Session: Class initialized using 'CodeIgniter\Session\Handlers\FileHandler' driver.
DEBUG - 2025-12-16 16:10:18 --> Session: Class initialized using 'CodeIgniter\Session\Handlers\FileHandler' driver.
DEBUG - 2025-12-16 16:10:42 --> Session: Class initialized using 'CodeIgniter\Session\Handlers\FileHandler' driver.
DEBUG - 2025-12-16 16:10:43 --> Session: Class initialized using 'CodeIgniter\Session\Handlers\FileHandler' driver.
DEBUG - 2025-12-16 16:10:48 --> Session: Class initialized using 'CodeIgniter\Session\Handlers\FileHandler' driver.
DEBUG - 2025-12-16 16:10:54 --> Session: Class initialized using 'CodeIgniter\Session\Handlers\FileHandler' driver.
DEBUG - 2025-12-16 16:16:47 --> Session: Class initialized using 'CodeIgniter\Session\Handlers\FileHandler' driver.
DEBUG - 2025-12-16 16:16:47 --> Session: Class initialized using 'CodeIgniter\Session\Handlers\FileHandler' driver.
DEBUG - 2025-12-16 17:51:46 --> Session: Class initialized using 'CodeIgniter\Session\Handlers\FileHandler' driver.
DEBUG - 2025-12-16 17:51:50 --> Session: Class initialized using 'CodeIgniter\Session\Handlers\FileHandler' driver.
DEBUG - 2025-12-16 17:51:56 --> Session: Class initialized using 'CodeIgniter\Session\Handlers\FileHandler' driver.
DEBUG - 2025-12-16 17:52:16 --> Session: Class initialized using 'CodeIgniter\Session\Handlers\FileHandler' driver.
DEBUG - 2025-12-16 17:52:26 --> Session: Class initialized using 'CodeIgniter\Session\Handlers\FileHandler' driver.
DEBUG - 2025-12-16 18:07:40 --> Session: Class initialized using 'CodeIgniter\Session\Handlers\FileHandler' driver.
DEBUG - 2025-12-16 18:08:01 --> Session: Class initialized using 'CodeIgniter\Session\Handlers\FileHandler' driver.
DEBUG - 2025-12-16 18:08:21 --> Session: Class initialized using 'CodeIgniter\Session\Handlers\FileHandler' driver.
DEBUG - 2025-12-16 18:08:26 --> Session: Class initialized using 'CodeIgniter\Session\Handlers\FileHandler' driver.
DEBUG - 2025-12-16 18:08:35 --> Session: Class initialized using 'CodeIgniter\Session\Handlers\FileHandler' driver.
DEBUG - 2025-12-16 18:08:36 --> Session: Class initialized using 'CodeIgniter\Session\Handlers\FileHandler' driver.
DEBUG - 2025-12-16 18:08:42 --> Session: Class initialized using 'CodeIgniter\Session\Handlers\FileHandler' driver.
DEBUG - 2025-12-16 18:16:47 --> Session: Class initialized using 'CodeIgniter\Session\Handlers\FileHandler' driver.
DEBUG - 2025-12-16 18:19:24 --> Session: Class initialized using 'CodeIgniter\Session\Handlers\FileHandler' driver.
